0 info it worked if it ends with ok
1 verbose cli [ 'node',
1 verbose cli   '/usr/local/bin/npm',
1 verbose cli   'install',
1 verbose cli   '-g',
1 verbose cli   'gzippo',
1 verbose cli   'express',
1 verbose cli   '-save' ]
2 info using npm@1.4.28
3 info using node@v0.10.32
4 verbose cache add [ 'gzippo', null ]
5 verbose cache add name=undefined spec="gzippo" args=["gzippo",null]
6 verbose parsed url { protocol: null,
6 verbose parsed url   slashes: null,
6 verbose parsed url   auth: null,
6 verbose parsed url   host: null,
6 verbose parsed url   port: null,
6 verbose parsed url   hostname: null,
6 verbose parsed url   hash: null,
6 verbose parsed url   search: null,
6 verbose parsed url   query: null,
6 verbose parsed url   pathname: 'gzippo',
6 verbose parsed url   path: 'gzippo',
6 verbose parsed url   href: 'gzippo' }
7 verbose cache add [ 'express', null ]
8 verbose cache add name=undefined spec="express" args=["express",null]
9 verbose parsed url { protocol: null,
9 verbose parsed url   slashes: null,
9 verbose parsed url   auth: null,
9 verbose parsed url   host: null,
9 verbose parsed url   port: null,
9 verbose parsed url   hostname: null,
9 verbose parsed url   hash: null,
9 verbose parsed url   search: null,
9 verbose parsed url   query: null,
9 verbose parsed url   pathname: 'express',
9 verbose parsed url   path: 'express',
9 verbose parsed url   href: 'express' }
10 silly lockFile bfe3231d-gzippo gzippo
11 verbose lock gzippo /Users/hina/.npm/bfe3231d-gzippo.lock
12 silly lockFile f3c62de4-express express
13 verbose lock express /Users/hina/.npm/f3c62de4-express.lock
14 silly lockFile bfe3231d-gzippo gzippo
15 silly lockFile bfe3231d-gzippo gzippo
16 verbose addNamed [ 'gzippo', '' ]
17 verbose addNamed [ null, '*' ]
18 silly lockFile cd6ce3bd-gzippo gzippo@
19 verbose lock gzippo@ /Users/hina/.npm/cd6ce3bd-gzippo.lock
20 silly lockFile f3c62de4-express express
21 silly lockFile f3c62de4-express express
22 verbose addNamed [ 'express', '' ]
23 verbose addNamed [ null, '*' ]
24 silly lockFile 64a534c1-express express@
25 verbose lock express@ /Users/hina/.npm/64a534c1-express.lock
26 silly addNameRange { name: 'gzippo', range: '*', hasData: false }
27 silly addNameRange { name: 'express', range: '*', hasData: false }
28 verbose request where is /gzippo
29 verbose request registry https://registry.npmjs.org/
30 verbose request id 16f9c7fc3f157407
31 verbose url raw /gzippo
32 verbose url resolving [ 'https://registry.npmjs.org/', './gzippo' ]
33 verbose url resolved https://registry.npmjs.org/gzippo
34 verbose request where is https://registry.npmjs.org/gzippo
35 info trying registry request attempt 1 at 16:08:03
36 http GET https://registry.npmjs.org/gzippo
37 verbose request where is /express
38 verbose request registry https://registry.npmjs.org/
39 verbose url raw /express
40 verbose url resolving [ 'https://registry.npmjs.org/', './express' ]
41 verbose url resolved https://registry.npmjs.org/express
42 verbose request where is https://registry.npmjs.org/express
43 info trying registry request attempt 1 at 16:08:03
44 http GET https://registry.npmjs.org/express
45 http 200 https://registry.npmjs.org/gzippo
46 silly registry.get cb [ 200,
46 silly registry.get   { date: 'Sun, 12 Oct 2014 23:08:04 GMT',
46 silly registry.get     server: 'CouchDB/1.5.0 (Erlang OTP/R16B03)',
46 silly registry.get     etag: '"DSM6BX0UM6UUFMLZY2CM9MBK"',
46 silly registry.get     'content-type': 'application/json',
46 silly registry.get     'cache-control': 'max-age=60',
46 silly registry.get     'content-length': '20923',
46 silly registry.get     'accept-ranges': 'bytes',
46 silly registry.get     via: '1.1 varnish',
46 silly registry.get     age: '0',
46 silly registry.get     'x-served-by': 'cache-sjc3130-SJC',
46 silly registry.get     'x-cache': 'MISS',
46 silly registry.get     'x-cache-hits': '0',
46 silly registry.get     'x-timer': 'S1413155284.557299,VS0,VE82',
46 silly registry.get     vary: 'Accept',
46 silly registry.get     'keep-alive': 'timeout=10, max=50',
46 silly registry.get     connection: 'Keep-Alive' } ]
47 silly addNameRange number 2 { name: 'gzippo', range: '*', hasData: true }
48 silly addNameRange versions [ 'gzippo',
48 silly addNameRange   [ '0.0.1',
48 silly addNameRange     '0.0.2',
48 silly addNameRange     '0.0.3',
48 silly addNameRange     '0.0.4',
48 silly addNameRange     '0.0.5',
48 silly addNameRange     '0.0.6',
48 silly addNameRange     '0.0.7',
48 silly addNameRange     '0.1.0',
48 silly addNameRange     '0.0.8',
48 silly addNameRange     '0.1.1',
48 silly addNameRange     '0.1.2',
48 silly addNameRange     '0.0.9',
48 silly addNameRange     '0.1.3',
48 silly addNameRange     '0.0.10',
48 silly addNameRange     '0.1.4',
48 silly addNameRange     '0.1.6',
48 silly addNameRange     '0.1.7',
48 silly addNameRange     '0.2.0' ] ]
49 verbose addNamed [ 'gzippo', '0.2.0' ]
50 verbose addNamed [ '0.2.0', '0.2.0' ]
51 silly lockFile de4fcc78-gzippo-0-2-0 gzippo@0.2.0
52 verbose lock gzippo@0.2.0 /Users/hina/.npm/de4fcc78-gzippo-0-2-0.lock
53 silly lockFile 0549b9b1-pmjs-org-gzippo-gzippo-0-2-0-tgz https://registry.npmjs.org/gzippo/-/gzippo-0.2.0.tgz
54 verbose lock https://registry.npmjs.org/gzippo/-/gzippo-0.2.0.tgz /Users/hina/.npm/0549b9b1-pmjs-org-gzippo-gzippo-0-2-0-tgz.lock
55 verbose addRemoteTarball [ 'https://registry.npmjs.org/gzippo/-/gzippo-0.2.0.tgz',
55 verbose addRemoteTarball   'ffc594c482190c56531ed2d4a5864d0b0b7d2733' ]
56 info retry fetch attempt 1 at 16:08:04
57 verbose fetch to= /var/folders/bb/6_t7592s4yvfs17gx_kv37d00000gn/T/npm-4755-O49PHn6I/registry.npmjs.org/gzippo/-/gzippo-0.2.0.tgz
58 http GET https://registry.npmjs.org/gzippo/-/gzippo-0.2.0.tgz
59 http 200 https://registry.npmjs.org/gzippo/-/gzippo-0.2.0.tgz
60 silly lockFile 0549b9b1-pmjs-org-gzippo-gzippo-0-2-0-tgz https://registry.npmjs.org/gzippo/-/gzippo-0.2.0.tgz
61 silly lockFile 0549b9b1-pmjs-org-gzippo-gzippo-0-2-0-tgz https://registry.npmjs.org/gzippo/-/gzippo-0.2.0.tgz
62 silly lockFile de4fcc78-gzippo-0-2-0 gzippo@0.2.0
63 silly lockFile de4fcc78-gzippo-0-2-0 gzippo@0.2.0
64 silly lockFile cd6ce3bd-gzippo gzippo@
65 silly lockFile cd6ce3bd-gzippo gzippo@
66 http 200 https://registry.npmjs.org/express
67 silly registry.get cb [ 200,
67 silly registry.get   { date: 'Sun, 12 Oct 2014 23:08:04 GMT',
67 silly registry.get     server: 'CouchDB/1.5.0 (Erlang OTP/R16B03)',
67 silly registry.get     etag: '"7FVLRT9Y9RQJKGVQC7099FKQ4"',
67 silly registry.get     'content-type': 'application/json',
67 silly registry.get     'cache-control': 'max-age=60',
67 silly registry.get     'content-length': '390871',
67 silly registry.get     'accept-ranges': 'bytes',
67 silly registry.get     via: '1.1 varnish',
67 silly registry.get     age: '6',
67 silly registry.get     'x-served-by': 'cache-sjc3124-SJC',
67 silly registry.get     'x-cache': 'HIT',
67 silly registry.get     'x-cache-hits': '1',
67 silly registry.get     'x-timer': 'S1413155284.550073,VS0,VE1',
67 silly registry.get     vary: 'Accept',
67 silly registry.get     'keep-alive': 'timeout=10, max=50',
67 silly registry.get     connection: 'Keep-Alive' } ]
68 silly addNameRange number 2 { name: 'express', range: '*', hasData: true }
69 silly addNameRange versions [ 'express',
69 silly addNameRange   [ '0.14.0',
69 silly addNameRange     '0.14.1',
69 silly addNameRange     '1.0.0',
69 silly addNameRange     '1.0.1',
69 silly addNameRange     '1.0.2',
69 silly addNameRange     '1.0.3',
69 silly addNameRange     '1.0.4',
69 silly addNameRange     '1.0.5',
69 silly addNameRange     '1.0.6',
69 silly addNameRange     '1.0.7',
69 silly addNameRange     '1.0.8',
69 silly addNameRange     '2.0.0',
69 silly addNameRange     '2.1.0',
69 silly addNameRange     '2.1.1',
69 silly addNameRange     '2.2.0',
69 silly addNameRange     '2.2.1',
69 silly addNameRange     '2.2.2',
69 silly addNameRange     '2.3.0',
69 silly addNameRange     '2.3.1',
69 silly addNameRange     '2.3.2',
69 silly addNameRange     '2.3.3',
69 silly addNameRange     '2.3.4',
69 silly addNameRange     '2.3.5',
69 silly addNameRange     '2.3.6',
69 silly addNameRange     '2.3.7',
69 silly addNameRange     '2.3.8',
69 silly addNameRange     '2.3.9',
69 silly addNameRange     '2.3.10',
69 silly addNameRange     '2.3.11',
69 silly addNameRange     '2.3.12',
69 silly addNameRange     '2.4.0',
69 silly addNameRange     '2.4.1',
69 silly addNameRange     '2.4.2',
69 silly addNameRange     '2.4.3',
69 silly addNameRange     '2.4.4',
69 silly addNameRange     '2.4.5',
69 silly addNameRange     '2.4.6',
69 silly addNameRange     '2.4.7',
69 silly addNameRange     '2.5.0',
69 silly addNameRange     '2.5.1',
69 silly addNameRange     '2.5.2',
69 silly addNameRange     '2.5.3',
69 silly addNameRange     '2.5.4',
69 silly addNameRange     '2.5.5',
69 silly addNameRange     '2.5.6',
69 silly addNameRange     '2.5.7',
69 silly addNameRange     '2.5.8',
69 silly addNameRange     '2.5.9',
69 silly addNameRange     '2.5.10',
69 silly addNameRange     '2.5.11',
69 silly addNameRange     '3.0.0',
69 silly addNameRange     '3.0.1',
69 silly addNameRange     '3.0.2',
69 silly addNameRange     '3.0.3',
69 silly addNameRange     '3.0.4',
69 silly addNameRange     '3.0.5',
69 silly addNameRange     '3.0.6',
69 silly addNameRange     '3.1.0',
69 silly addNameRange     '3.1.1',
69 silly addNameRange     '3.1.2',
69 silly addNameRange     '3.2.0',
69 silly addNameRange     '3.2.1',
69 silly addNameRange     '3.2.2',
69 silly addNameRange     '3.2.3',
69 silly addNameRange     '3.2.4',
69 silly addNameRange     '3.2.5',
69 silly addNameRange     '3.2.6',
69 silly addNameRange     '3.3.0',
69 silly addNameRange     '3.3.1',
69 silly addNameRange     '3.3.2',
69 silly addNameRange     '3.3.3',
69 silly addNameRange     '3.3.4',
69 silly addNameRange     '3.3.5',
69 silly addNameRange     '3.3.6',
69 silly addNameRange     '1.0.0-beta',
69 silly addNameRange     '1.0.0-beta2',
69 silly addNameRange     '1.0.0-rc',
69 silly addNameRange     '1.0.0-rc2',
69 silly addNameRange     '1.0.0-rc3',
69 silly addNameRange     '1.0.0-rc4',
69 silly addNameRange     '2.0.0-beta',
69 silly addNameRange     '2.0.0-beta2',
69 silly addNameRange     '2.0.0-beta3',
69 silly addNameRange     '2.0.0-rc',
69 silly addNameRange     '2.0.0-rc2',
69 silly addNameRange     '2.0.0-rc3',
69 silly addNameRange     '3.0.0-alpha1',
69 silly addNameRange     '3.0.0-alpha2',
69 silly addNameRange     '3.0.0-alpha3',
69 silly addNameRange     '3.0.0-alpha4',
69 silly addNameRange     '3.0.0-alpha5',
69 silly addNameRange     '3.0.0-beta1',
69 silly addNameRange     '3.0.0-beta2',
69 silly addNameRange     '3.0.0-beta3',
69 silly addNameRange     '3.0.0-beta4',
69 silly addNameRange     '3.0.0-beta6',
69 silly addNameRange     '3.0.0-beta7',
69 silly addNameRange     '3.0.0-rc1',
69 silly addNameRange     '3.0.0-rc2',
69 silly addNameRange     '3.0.0-rc3',
69 silly addNameRange     '3.0.0-rc4',
69 silly addNameRange     '3.0.0-rc5',
69 silly addNameRange     '3.3.7',
69 silly addNameRange     '3.3.8',
69 silly addNameRange     '3.4.0',
69 silly addNameRange     '3.4.1',
69 silly addNameRange     '3.4.2',
69 silly addNameRange     '3.4.3',
69 silly addNameRange     '3.4.4',
69 silly addNameRange     '3.4.5',
69 silly addNameRange     '3.4.6',
69 silly addNameRange     '3.4.7',
69 silly addNameRange     '3.4.8',
69 silly addNameRange     '4.0.0-rc1',
69 silly addNameRange     '4.0.0-rc2',
69 silly addNameRange     '3.5.0',
69 silly addNameRange     '4.0.0-rc3',
69 silly addNameRange     '4.0.0-rc4',
69 silly addNameRange     '3.5.1',
69 silly addNameRange     '4.0.0',
69 silly addNameRange     '3.5.2',
69 silly addNameRange     '4.1.0',
69 silly addNameRange     '4.1.1',
69 silly addNameRange     '3.5.3',
69 silly addNameRange     '4.1.2',
69 silly addNameRange     '3.6.0',
69 silly addNameRange     '4.2.0',
69 silly addNameRange     '3.7.0',
69 silly addNameRange     '3.8.0',
69 silly addNameRange     '4.3.0',
69 silly addNameRange     '4.3.1',
69 silly addNameRange     '3.8.1',
69 silly addNameRange     '4.3.2',
69 silly addNameRange     '3.9.0',
69 silly addNameRange     '4.4.0',
69 silly addNameRange     '4.4.1',
69 silly addNameRange     '3.10.0',
69 silly addNameRange     '3.10.1',
69 silly addNameRange     '3.10.2',
69 silly addNameRange     '3.10.3',
69 silly addNameRange     '3.10.4',
69 silly addNameRange     '4.4.2',
69 silly addNameRange     '3.10.5',
69 silly addNameRange     '4.4.3',
69 silly addNameRange     '3.11.0',
69 silly addNameRange     '4.4.4',
69 silly addNameRange     '3.12.0',
69 silly addNameRange     '3.12.1',
69 silly addNameRange     '4.4.5',
69 silly addNameRange     '3.13.0',
69 silly addNameRange     '4.5.0',
69 silly addNameRange     '4.5.1',
69 silly addNameRange     '3.14.0',
69 silly addNameRange     '4.6.0',
69 silly addNameRange     '4.6.1',
69 silly addNameRange     '3.15.0',
69 silly addNameRange     '4.7.0',
69 silly addNameRange     '3.15.1',
69 silly addNameRange     '4.7.1',
69 silly addNameRange     '3.15.2',
69 silly addNameRange     '4.7.2',
69 silly addNameRange     '4.7.3',
69 silly addNameRange     '3.15.3',
69 silly addNameRange     '4.7.4',
69 silly addNameRange     '3.16.0',
69 silly addNameRange     '4.8.0',
69 silly addNameRange     '3.16.1',
69 silly addNameRange     '4.8.1',
69 silly addNameRange     '3.16.2',
69 silly addNameRange     '4.8.2',
69 silly addNameRange     '3.16.3',
69 silly addNameRange     '3.16.4',
69 silly addNameRange     '4.8.3',
69 silly addNameRange     '3.16.5',
69 silly addNameRange     '3.16.6',
69 silly addNameRange     '4.8.4',
69 silly addNameRange     '3.16.7',
69 silly addNameRange     '4.8.5',
69 silly addNameRange     '3.16.8',
69 silly addNameRange     '4.8.6',
69 silly addNameRange     '3.16.9',
69 silly addNameRange     '4.8.7',
69 silly addNameRange     '3.16.10',
69 silly addNameRange     '4.8.8',
69 silly addNameRange     '3.17.0',
69 silly addNameRange     '3.17.1',
69 silly addNameRange     '4.9.0',
69 silly addNameRange     '3.17.2',
69 silly addNameRange     '4.9.1',
69 silly addNameRange     '4.9.2',
69 silly addNameRange     '3.17.3',
69 silly addNameRange     '4.9.3',
69 silly addNameRange     '3.17.4',
69 silly addNameRange     '4.9.4',
69 silly addNameRange     '3.17.5',
69 silly addNameRange     '4.9.5',
69 silly addNameRange     '3.17.6',
69 silly addNameRange     '3.17.7',
69 silly addNameRange     '4.9.6',
69 silly addNameRange     '4.9.7' ] ]
70 verbose addNamed [ 'express', '4.9.7' ]
71 verbose addNamed [ '4.9.7', '4.9.7' ]
72 silly lockFile dda28ed5-express-4-9-7 express@4.9.7
73 verbose lock express@4.9.7 /Users/hina/.npm/dda28ed5-express-4-9-7.lock
74 silly lockFile ff824e41-js-org-express-express-4-9-7-tgz https://registry.npmjs.org/express/-/express-4.9.7.tgz
75 verbose lock https://registry.npmjs.org/express/-/express-4.9.7.tgz /Users/hina/.npm/ff824e41-js-org-express-express-4-9-7-tgz.lock
76 verbose addRemoteTarball [ 'https://registry.npmjs.org/express/-/express-4.9.7.tgz',
76 verbose addRemoteTarball   'ae3e0bdf0095749467fde125afd77e7988ff0fbb' ]
77 info retry fetch attempt 1 at 16:08:05
78 verbose fetch to= /var/folders/bb/6_t7592s4yvfs17gx_kv37d00000gn/T/npm-4755-O49PHn6I/registry.npmjs.org/express/-/express-4.9.7.tgz
79 http GET https://registry.npmjs.org/express/-/express-4.9.7.tgz
80 http 200 https://registry.npmjs.org/express/-/express-4.9.7.tgz
81 silly lockFile ff824e41-js-org-express-express-4-9-7-tgz https://registry.npmjs.org/express/-/express-4.9.7.tgz
82 silly lockFile ff824e41-js-org-express-express-4-9-7-tgz https://registry.npmjs.org/express/-/express-4.9.7.tgz
83 silly lockFile dda28ed5-express-4-9-7 express@4.9.7
84 silly lockFile dda28ed5-express-4-9-7 express@4.9.7
85 silly lockFile 64a534c1-express express@
86 silly lockFile 64a534c1-express express@
87 silly resolved [ { name: 'gzippo',
87 silly resolved     version: '0.2.0',
87 silly resolved     author: { name: 'Tom Gallacher' },
87 silly resolved     description: 'Gzip middleware for Connect using the native zlib library in node >= 0.6',
87 silly resolved     homepage: 'http://www.tomg.co/gzippo',
87 silly resolved     repository: { type: 'git', url: 'git://github.com/tomgco/gzippo.git' },
87 silly resolved     keywords: [ 'compression', 'gzip', 'compress' ],
87 silly resolved     engines: { node: '>= 0.5 < 0.9' },
87 silly resolved     scripts: { test: 'mocha' },
87 silly resolved     main: './index.js',
87 silly resolved     dependencies: { send: '*' },
87 silly resolved     devDependencies: { should: '*', connect: '~2', express: '~3', mocha: '*' },
87 silly resolved     _id: 'gzippo@0.2.0',
87 silly resolved     dist:
87 silly resolved      { shasum: 'ffc594c482190c56531ed2d4a5864d0b0b7d2733',
87 silly resolved        tarball: 'http://registry.npmjs.org/gzippo/-/gzippo-0.2.0.tgz' },
87 silly resolved     _npmVersion: '1.1.62',
87 silly resolved     _npmUser: { name: 'tomgallacher', email: 'tomgallacher23@gmail.com' },
87 silly resolved     maintainers: [ [Object] ],
87 silly resolved     directories: {},
87 silly resolved     _shasum: 'ffc594c482190c56531ed2d4a5864d0b0b7d2733',
87 silly resolved     _from: 'gzippo@',
87 silly resolved     _resolved: 'https://registry.npmjs.org/gzippo/-/gzippo-0.2.0.tgz' },
87 silly resolved   { name: 'express',
87 silly resolved     description: 'Fast, unopinionated, minimalist web framework',
87 silly resolved     version: '4.9.7',
87 silly resolved     author: { name: 'TJ Holowaychuk', email: 'tj@vision-media.ca' },
87 silly resolved     contributors:
87 silly resolved      [ [Object],
87 silly resolved        [Object],
87 silly resolved        [Object],
87 silly resolved        [Object],
87 silly resolved        [Object],
87 silly resolved        [Object],
87 silly resolved        [Object] ],
87 silly resolved     keywords:
87 silly resolved      [ 'express',
87 silly resolved        'framework',
87 silly resolved        'sinatra',
87 silly resolved        'web',
87 silly resolved        'rest',
87 silly resolved        'restful',
87 silly resolved        'router',
87 silly resolved        'app',
87 silly resolved        'api' ],
87 silly resolved     repository: { type: 'git', url: 'https://github.com/strongloop/express' },
87 silly resolved     license: 'MIT',
87 silly resolved     homepage: 'http://expressjs.com/',
87 silly resolved     dependencies:
87 silly resolved      { accepts: '~1.1.1',
87 silly resolved        'cookie-signature': '1.0.5',
87 silly resolved        debug: '~2.0.0',
87 silly resolved        depd: '0.4.5',
87 silly resolved        'escape-html': '1.0.1',
87 silly resolved        etag: '~1.4.0',
87 silly resolved        finalhandler: '0.2.0',
87 silly resolved        fresh: '0.2.4',
87 silly resolved        'media-typer': '0.3.0',
87 silly resolved        methods: '1.1.0',
87 silly resolved        'on-finished': '~2.1.0',
87 silly resolved        parseurl: '~1.3.0',
87 silly resolved        'path-to-regexp': '0.1.3',
87 silly resolved        'proxy-addr': '~1.0.3',
87 silly resolved        qs: '2.2.4',
87 silly resolved        'range-parser': '~1.0.2',
87 silly resolved        send: '0.9.3',
87 silly resolved        'serve-static': '~1.6.4',
87 silly resolved        'type-is': '~1.5.2',
87 silly resolved        vary: '~1.0.0',
87 silly resolved        cookie: '0.1.2',
87 silly resolved        'merge-descriptors': '0.0.2',
87 silly resolved        'utils-merge': '1.0.0' },
87 silly resolved     devDependencies:
87 silly resolved      { after: '0.8.1',
87 silly resolved        istanbul: '0.3.2',
87 silly resolved        mocha: '~1.21.4',
87 silly resolved        should: '~4.0.4',
87 silly resolved        supertest: '~0.14.0',
87 silly resolved        ejs: '~1.0.0',
87 silly resolved        marked: '0.3.2',
87 silly resolved        hjs: '~0.0.6',
87 silly resolved        'body-parser': '~1.8.2',
87 silly resolved        'connect-redis': '~2.1.0',
87 silly resolved        'cookie-parser': '~1.3.3',
87 silly resolved        'express-session': '~1.8.2',
87 silly resolved        jade: '~1.6.0',
87 silly resolved        'method-override': '~2.2.0',
87 silly resolved        morgan: '~1.3.1',
87 silly resolved        multiparty: '~3.3.2',
87 silly resolved        vhost: '~3.0.0' },
87 silly resolved     engines: { node: '>= 0.10.0' },
87 silly resolved     scripts:
87 silly resolved      { prepublish: 'npm prune',
87 silly resolved        test: 'mocha --require test/support/env --reporter spec --bail --check-leaks test/ test/acceptance/',
87 silly resolved        'test-cov': 'istanbul cover node_modules/mocha/bin/_mocha -- --require test/support/env --reporter dot --check-leaks test/ test/acceptance/',
87 silly resolved        'test-tap': 'mocha --require test/support/env --reporter tap --check-leaks test/ test/acceptance/',
87 silly resolved        'test-travis': 'istanbul cover node_modules/mocha/bin/_mocha --report lcovonly -- --require test/support/env --reporter spec --check-leaks test/ test/acceptance/' },
87 silly resolved     gitHead: 'b0e4e641f93e422e4704f79f2ba3d3dcd0c5d8e6',
87 silly resolved     bugs: { url: 'https://github.com/strongloop/express/issues' },
87 silly resolved     _id: 'express@4.9.7',
87 silly resolved     _shasum: 'ae3e0bdf0095749467fde125afd77e7988ff0fbb',
87 silly resolved     _from: 'express@',
87 silly resolved     _npmVersion: '1.4.21',
87 silly resolved     _npmUser: { name: 'dougwilson', email: 'doug@somethingdoug.com' },
87 silly resolved     maintainers:
87 silly resolved      [ [Object],
87 silly resolved        [Object],
87 silly resolved        [Object],
87 silly resolved        [Object],
87 silly resolved        [Object],
87 silly resolved        [Object],
87 silly resolved        [Object] ],
87 silly resolved     dist:
87 silly resolved      { shasum: 'ae3e0bdf0095749467fde125afd77e7988ff0fbb',
87 silly resolved        tarball: 'http://registry.npmjs.org/express/-/express-4.9.7.tgz' },
87 silly resolved     directories: {},
87 silly resolved     _resolved: 'https://registry.npmjs.org/express/-/express-4.9.7.tgz' } ]
88 info install gzippo@0.2.0 into /usr/local/lib
89 info install express@4.9.7 into /usr/local/lib
90 info installOne gzippo@0.2.0
91 warn engine gzippo@0.2.0: wanted: {"node":">= 0.5 < 0.9"} (current: {"node":"0.10.32","npm":"1.4.28"})
92 info installOne express@4.9.7
93 verbose lib/node_modules/gzippo unbuild
94 verbose lib/node_modules/express unbuild
95 verbose tar unpack /Users/hina/.npm/gzippo/0.2.0/package.tgz
96 silly lockFile da2f4947-sr-local-lib-node-modules-gzippo tar:///usr/local/lib/node_modules/gzippo
97 verbose lock tar:///usr/local/lib/node_modules/gzippo /Users/hina/.npm/da2f4947-sr-local-lib-node-modules-gzippo.lock
98 silly lockFile 324a049b-ina-npm-gzippo-0-2-0-package-tgz tar:///Users/hina/.npm/gzippo/0.2.0/package.tgz
99 verbose lock tar:///Users/hina/.npm/gzippo/0.2.0/package.tgz /Users/hina/.npm/324a049b-ina-npm-gzippo-0-2-0-package-tgz.lock
100 verbose tar unpack /Users/hina/.npm/express/4.9.7/package.tgz
101 silly lockFile 365ba7ad-r-local-lib-node-modules-express tar:///usr/local/lib/node_modules/express
102 verbose lock tar:///usr/local/lib/node_modules/express /Users/hina/.npm/365ba7ad-r-local-lib-node-modules-express.lock
103 silly lockFile 33978bd3-na-npm-express-4-9-7-package-tgz tar:///Users/hina/.npm/express/4.9.7/package.tgz
104 verbose lock tar:///Users/hina/.npm/express/4.9.7/package.tgz /Users/hina/.npm/33978bd3-na-npm-express-4-9-7-package-tgz.lock
105 silly gunzTarPerm modes [ '755', '644' ]
106 silly gunzTarPerm modes [ '755', '644' ]
107 error Error: EACCES, mkdir '/usr/local/lib/node_modules/gzippo'
107 error  { [Error: EACCES, mkdir '/usr/local/lib/node_modules/gzippo']
107 error   errno: 3,
107 error   code: 'EACCES',
107 error   path: '/usr/local/lib/node_modules/gzippo',
107 error   fstream_type: 'Directory',
107 error   fstream_path: '/usr/local/lib/node_modules/gzippo',
107 error   fstream_class: 'DirWriter',
107 error   fstream_stack:
107 error    [ '/usr/local/lib/node_modules/npm/node_modules/fstream/lib/dir-writer.js:36:23',
107 error      '/usr/local/lib/node_modules/npm/node_modules/mkdirp/index.js:46:53',
107 error      'Object.oncomplete (fs.js:107:15)' ] }
108 error Please try running this command again as root/Administrator.
109 error System Darwin 13.4.0
110 error command "node" "/usr/local/bin/npm" "install" "-g" "gzippo" "express" "-save"
111 error cwd /Users/hina/Desktop/Development/chatapp
112 error node -v v0.10.32
113 error npm -v 1.4.28
114 error path /usr/local/lib/node_modules/gzippo
115 error fstream_path /usr/local/lib/node_modules/gzippo
116 error fstream_type Directory
117 error fstream_class DirWriter
118 error code EACCES
119 error errno 3
120 error stack Error: EACCES, mkdir '/usr/local/lib/node_modules/gzippo'
121 error fstream_stack /usr/local/lib/node_modules/npm/node_modules/fstream/lib/dir-writer.js:36:23
121 error fstream_stack /usr/local/lib/node_modules/npm/node_modules/mkdirp/index.js:46:53
121 error fstream_stack Object.oncomplete (fs.js:107:15)
122 verbose exit [ 3, true ]
